

{

"config": {
	
	
	
	"stopWords": [
		
	],

	
	
	
	"dictionaryGangActivity": [
		"стрел", "убийст", "убил", "капт", "ранен", "толп", "режу", "банда", "мафи",
		"опг", "грув", "баллас", "вагос", "ацтек", "пальб"
	],

	
	
	"code1Words": [
		"код 1", "code 1", "code1", "код1", "code-1", "открыт огонь", "shots fire", 
		"shot fire", "shots fired", "shot fired"
	],

	
	"code0Words": [
		"код 0", "code 0", "code0", "код0", "code-0", "офицер на земле", "officer down", 
		"офицер ранен", "меня подстрелили", "я ранен"
	]
},

"servers": [

	{
		
		"name": "Revent RP",

		
		"server": {
			
			"name": "Revent Role Play",	
			
			"ip": "213.32.112.224:7777"
		},

		"serverConfig": {
			
			
			"vehNames": {
				

				
				
				"Bloodrin Banger": 504
			}
		},

		
		

		
		"find": {
		
			
			
			
			"pattern": " Вы установили координаты @nick, доступ - 25 секунд!",
		

			
			

			
			
			
			"useRegexInPattern": false,

		
			"markerId": 1
		},

		
		"call": {
			
			
			
			
			"pattern": "^ %{1be37f%}%[Диспетчер 911%]: Поступил вызов от .+%. Причина: %'@text%', Местоположение: .+%(@area%)",
			"useRegexInPattern": true,
			
			
			
			"isPlayGangActivity": true,

			
			
			
			"areaAndCode": true
		},

		
		"radio": {
			
			

			
			
			
			
			"pattern": " [R] @zvanieandnick [@id]: @text",
			"useRegexInPattern": false,

			
			"isPlayShotsFired": true,

			
			"userMessages": [
				
				{
					
					
					"textFind": "Пример какого-то текста который пишется в /r.",
					"useRegexInPattern": false,

					
					
					
					
					
					"sounds": "areas/Commerce.wav",
					
					"isPlayRadioOn": false
				}
			]
		},

		
		"user": [
			{
				
				"name": "/sos",

				
				
				
				"pattern": " [Дежурный]: @nick нуждается в поддержке, он отмечен красным маркером на карте",
				"useRegexInPattern": false,

				
				"markerId": 1,
			
				"sounds": [
					"DISP.words.headTo10",
					"DISP.codesWithIn.91",
					"@area"
				],
				
				"isPlayRadioOn": true
			},
			{
				"name": "Закусочные",
				
				"pattern": " [Диспетчер]: Поступил вызов от Закусочной №@area! В ней совершается",
				"useRegexInPattern": false,
				"sounds": [
					"DISP.words.weGot10",
					"DISP.codesWithIn.24",
					"@area"
				],

			
				"vars": {
					"area": {
						"1": "Redsands East",
						"3": "Mulholland",
						"4": "Old Venturas",
						"5": "Verona",
						"6": "Financial",
						"7": "Calton Heights",
						"8": "Garcia",
						"9": "City Hall",
						"11": "East Los-Santos",
						"12": "Willowfield",
						"13": "Downtown",
						"14": "Financial",
						"15": "Tierra Robada",
						"16": "The Emerald Isle",
						"17": "Old Venturas",
						"18": "Idlewood",
						"19": "Montgomery",
						"20": "Starfish Casino",
						"21": "Fort Carson",
						"22": "Blueberry"
					}
				},
				"isPlayRadioOn": true
			},
			{
				"name": "/pt с машиной",
				
				
				"pattern": " [PURSUIT INFO] @ktoto начал погоню за @nick(@vehname). Для помощи - /join @id",
				"useRegexInPattern": false,

				"sounds": [
					"DISP.words.respondTo10",
					"DISP.codes.37",
					"DISP.suspect.suspect2",
					"DISP.words.onA",
					"@veh"
				],
				"isPlayRadioOn": true
			},
			{
				"name": "/pt пешком",
				"pattern": " [PURSUIT INFO] @ktoto начал погоню за @nick. Для помощи - /join @id",
				"useRegexInPattern": false,
				"sounds": [
					"DISP.words.respondTo10",
					"DISP.codes.37",
					"DISP.suspect.suspect2",
					"DISP.suspect.onFoot"
				],
				"isPlayRadioOn": true
			},
			{
				"name": "Камеры наблюдения",
				"pattern": " [Диспетчер]: @nick был замечен камерами наблюдения(Район: @area | Камера: @cum). Транспорт: @vehname",
				"useRegexInPattern": false,
				"sounds": [
					"DISP.suspect.lastSeen",
					"DISP.words.inA",
					"@area",
					"DISP.words.onA",
					"@veh"
				],
				"isPlayRadioOn": true
			},
			{
				"name": "Камеры наблюдения (пешком)",
				"pattern": " [Диспетчер]: @nick был замечен камерами наблюдения(Район: @area | Камера: @cum)",
				"useRegexInPattern": false,
				"sounds": [
					"DISP.suspect.lastSeen",
					"DISP.words.inA",
					"@area"
				],
				"isPlayRadioOn": true
			}
			
			
		]
	},

	{
		"name": "Trinity RP",
		"server": {
			"name": "Trinity"
		},
		"serverConfig": {
			
			
			"vehNames": {
				
				"Utility": 552,
				"Police US": 596,
				"Police AF": 597,
				"Police RC": 598
			},
			"areas": {
				

				
				
				"новостное агентство los santos": "Market",
				"госпиталь all saints": "Market",
				"департамент полиции los santos": "Commerce",
				"бар «ten green bottles»": "Ganton",
				"таксопарк los santos": "Little Mexico",
				"клуб «pig pen»": "East Los Santos",
				"бар «the welcome pump»": "Dillimore",
				"ночной клуб «alhambra»": "Idlewood",
				"клуб «crystal»": "Market"
			}
		},
		"find": {
			"pattern": [
				"Объект {abcdef}@nick{ffffff} обнаружен. Передвигается @v_na {D8A903}@vehname{ffffff}.",
				"Находится в районе {fbec5d}@area{ffffff}. Центр зоны поиска отмечен флагом на радаре."
			],
			"useRegexInPattern": false,
			
			
			
			"vehOnFoot": "пешком"
		},
		"call": {
			"pattern": [
				
				"^Вызов 911: %{ffffff%}@text От:%{abcdef%}.+%{ffffff%} Место вызова: %{abcdef%}[Район ]*@area",
				
				"^Вызов 911: %{ffffff%}@text От:%{abcdef%} .+ ID %d+$",
				"^Вызов 911: %{ffffff%}Место вызова: %{abcdef%}[Район ]*@area"
			],
			"useRegexInPattern": true,

			"isPlayGangActivity": true,
			"areaAndCode": true
		},
		"radio": {
			"pattern": "^.+ %w+_%w+: @text",
			"useRegexInPattern": true,

			
			
			"color": [-1920073729, -1150916865],
			"isPlayShotsFired": true,
			"userMessages": [
				{
					"textFind": "",
					"sounds": ["1.wav", "2.wav"]
				}
			]
		},
		"user": [
			{
				"name": "Вызов скорой помощи",
				"pattern": "Вызов 911 #@text: {ffffff}@text. От:",
				"sounds": [
				    "radio_calling.wav",
					"@randomtencodewithin",
					"@randomareaincityplayer"
				],
				"isPlayRadioOn": true
			},
			{
				"name": "Рация департамента",
				"pattern": "[@text]"
				"color": "B22222",
				"sounds": [
					"radio_dep.wav"
				],
				"isPlayRadioOn": false
			},
			{
				"name": "Входящий звонок",
				"pattern": "Вас вызывает",
				"sounds": [
					"call_on.wav"
				],
				"isPlayRadioOn": false
			},
			{
				"name": "смс",
				"pattern": "SMS",
				"sounds": [
					"sms_on.wav"
				],
				"isPlayRadioOn": false
			},
			{
				"name": "Вызов окончен",
				"pattern": "Вы отклонили вызов от абонента",
				"sounds": [
					"call_off.wav"
				],
				"isPlayRadioOn": false
			},
			{
				"name": "Вызов окончен",
				"pattern": "Вы отменили свой вызов абонента",
				"sounds": [
					"call_off.wav"
				],
				"isPlayRadioOn": false
			},
			{
				"name": "Вызов окончен",
				"pattern": "Абонент {66FF66}@nick{ffffff} повесил трубку, разговор окончен",
				"sounds": [
					"call_off.wav"
				],
				"isPlayRadioOn": false
			},
			{
				"name": "Голод/Жажда",
				"pattern": "Вам ужасно хочется",
				"sounds": [
					"hung.wav"
				],
				"isPlayRadioOn": false
			},
			{
				"name": "Сервер закрыл соединение",
				"pattern": "Server closed the connection",
				"sounds": [
					"connect_lost.wav"
				],
				"isPlayRadioOn": false
			},
			{
				"name": "PayDay",
				"pattern": "Администрация проекта благодарит вас за то",
				"sounds": [
					"payday.wav"
				],
				"isPlayRadioOn": false
			}
		]
	},

	{
		"name": "Gambit RP",

		"server": {
			"name": "Gambit Role Play "
		},
		"call": {
			"pattern": [
				"* 911 DISP: Поступил вызов из '@area' от ",
				"* Ситуация #@n: @text"
			],
			"useRegexInPattern": false,
			"isPlayGangActivity": true,
			"areaAndCode": true
		},
		"radio": {
			"pattern": "[CH: 911, S: @n] @nick: @text",
			"useRegexInPattern": false,
			"isPlayShotsFired": true
		},
		"user": [
			{
				"name": "/bk",
				"pattern": "[R] Диспетчер: @nick запрашивает поддержку полицейского департамента.",
				"useRegexInPattern": false,

				"sounds": [
					"suspect/Respond to a 10-.wav",
					
					
					"@randomtencodewithin",
					

					
					
					
					"@cityplayer"
				],
				"isPlayRadioOn": true
			}
		]
	},

	{
		"name": "Diamond RP",
		"server": {
			"name": "Diamond Role Play"
		},
		"serverConfig": {
		    "areas": {
				"ls": "Los Santos",
				"sf": "San Fierro",
				"lv": "Las Venturas"
		    }
		},
		"find": {
			"pattern": "• {00CC00}[Успешно] {ffffff}Местоположение игрока отмечено на карте.",
			"useRegexInPattern": false,

			"markerId": 1
		},
		"call": {
		    "pattern": [
		        "[Внимание] @nick вызывает полицию/фбр (@area). Чтобы принять вызов",
		        "[Внимание] Предполагаемый нарушитель: @ktoto. Причина: @text",
		        "[Внимание] Причина: @text"
		    ],
		    "useRegexInPattern": false,

			"isPlayGangActivity": true,
			"areaAndCode": true
		},
		"radio": {
			"pattern": "^%[R%] [^%(]+ %a+_%a+%[%d+%]: @text",
			"useRegexInPattern": true,

			"isPlayShotsFired": true
		},
		"user": [
			{
				"name": "/su",
				"pattern": "[Внимание] @nick объявлен в розыск (@statya). Причина: @reason.",
				"useRegexInPattern": false,

				"sounds": [
					"DISP.words.weGot10",
					"@randomtencodewithin",
					
					
					
					"@randomareaincityplayer"
				],
				"isPlayRadioOn": true
			},
			{
				"name": "/pdhelp",
				"pattern": "[Внимание] {FFD966}@nick{007FFF} просит помощи, введите {FFD966}/helplist",
				"useRegexInPattern": false,

				"sounds": [
					"DISP.words.weGot10",
					"DISP.codesWithIn.24",
					"@cityplayer"
				],
				"isPlayRadioOn": true
			}
		]
	},

	{
		"name": "Evolve RP",
		"server": {
			"name": "Evolve-Rp.Ru"
		},
		
		
		"radio": {
			"pattern": "^[^%(]+ %a+_%a+%: @text",
			"useRegexInPattern": true,
			"color": "0x8D8DFF00",

			"isPlayShotsFired": true,
			"userMessages": [
				{
					"textFind": [
						"10-57",
						"10 57",
						"погоня"
					],
					"useRegexInPattern": false,
					"sounds": [
						"suspect/Respond to a 10-.wav",
						"ten_codes/37 in.wav",
						"@randomareaincityplayer"
					],
					"isPlayRadioOn": true
				},
				{
					"textFind": [
						"10-71",
						"10 71",
						"10-72",
						"10 72",
						"10-73",
						"10 73"
					],
					"useRegexInPattern": false,
					"sounds": [
						"suspect/Respond to a 10-.wav",
						"ten_codes/71 in.wav",
						"@randomareaincityplayer"
					],
					"isPlayRadioOn": true
				},
				{
					"textFind": [
						"10 99",
						"10-99"
					],
					"useRegexInPattern": false,
					"sounds": [
						"suspect/Head to a 10-.wav",
						"ten_codes/90 in.wav",
						"@randomareaincityplayer"
					],
					"isPlayRadioOn": true
				},
				{
					"textFind": [
						"10 17",
						"10-17"
					],
					"useRegexInPattern": false,
					"sounds": [
						"suspect/Respond to a 10-.wav",
						"ten_codes/17 in.wav",
						"@randomareaincityplayer"
					],
					"isPlayRadioOn": true
				}
			]
		}
	},

	{
		"name": "Arizona RP",
		"server": {
			"name": "Arizona"
		},
		"radio": {
			"pattern": "^%[R%] .+ %a+_%a+%[%d+%]:[^%(]@text",
			"useRegexInPattern": true,
			"isPlayShotsFired": true
		},
		"call": {
			"pattern": "{B03131}@nick[@id]{FFFFFF} с города \"@area\", вызывает полицию, местоположение: {B03131}@text{FFFFFF}.",
			"useRegexInPattern": false,

			"isPlayGangActivity": true,
			"areaAndCode": true
		},
		"user": [
			{
				"name": "/bk",
				"pattern": "Важно! {FFFFFF}@nick[@id] вызывает подкрепление с причиной @reason",
				"useRegexInPattern": false,
				"sounds": "@codeone",
				"isPlayRadioOn": false
			},

			{
				"name": "/su",
				"pattern": [
					"Внимание! {FFFFFF}@nick[@id] был(а) объявлен(a) в розыск! Обвинитель: @nick[@id] | Причина: {FF6347}@reason",
					"Внимание! {FFFFFF}@nick[@id]{FF6347} был(а) объявлен(a) в розыск! Причина: "
				],
				"useRegexInPattern": false,

				"sounds": [
					"suspect/We got a 10-.wav",
					"@randomtencodewithin",
					"@randomareaincityplayer"
				],

				"isPlayRadioOn": true
			},
			{
				"name": "/pursuit",
				"pattern": "Вы успешно начали погоню за игроком @nick[@id]",
				"useRegexInPattern": false,

				"markerId": 1,
				"sounds": [
					"suspect/Respond to a 10-.wav",
					"@randomtencodewithin",
					"@area",
					
					
					
					
					"@suspectveh"
				],

				"isPlayRadioOn": true
			}
		]
	},

	{
		"name": "Training",
		"server": {
			"name": "TRAINING",
			"ip": "37.230.162.117:7777"
		},
		"radio": {
			"pattern": [
				"** [Рация: @n] @nick: @text **",
				"** [Рация: @n][@team] @nick: @text **"
			],
			"useRegexInPattern": false,
			"isPlayShotsFired": true
		},
		"call": {
			"pattern": [
				"@nick(@id):{91FF00} [911] @area: @text",
				"@nick(@id):{91FF00} 911 @area: @text",
				"@nick(@id):{91FF00} [9-1-1] @area: @text",
				"@nick(@id):{91FF00} 9-1-1 @area: @text",
				"@nick(@id):{91FF00} [911] @area - @text",
				"@nick(@id):{91FF00} 911 @area - @text",
				"@nick(@id):{91FF00} [9-1-1] @area - @text",
				"@nick(@id):{91FF00} 9-1-1 @area - @text"
			],
			"useRegexInPattern": false,
			"isPlayGangActivity": true,
			"areaAndCode": true
		},
		"user": [
			{
				"name": "9-1-1 без района",
				"pattern": [
					"@nick(@id):{91FF00} [911] @text",
					"@nick(@id):{91FF00} 911 @text",
					"@nick(@id):{91FF00} [9-1-1] @text",
					"@nick(@id):{91FF00} 9-1-1 @text"
				],
				"useRegexInPattern": false,
				"sounds": [
					"suspect/We got a 10-.wav",
					"@randomtencodewithin",
					"@randomareaincityplayer"
				],
				"isPlayRadioOn": true
			}
		],
		
		
		"userNotPriority": true
	},

	{
		"name": "Radmir RP",
		"server": {
			"name": "Radmir Role Play"
		},

		"radio": {
			"pattern": "[R] @zvanieandnick: @text",
			"useRegexInPattern": false,
			"isPlayShotsFired": true
		},

		"user": [
			{
				"name": "Запрос поддержки",
				"pattern": "^%* [^%s]+ %a+ %a+ запрашивает поддержку%.$",
				"useRegexInPattern": true,

				"markerId": 1,

				"sounds": [
					"DISP.words.headTo10",
					"@randomtencodewithin",
					"@cityplayer"
				],

				"isPlayRadioOn": true
			},
			{
				"name": "9-1-1",
				"pattern": "[911] Поступил вызов от: ",
				"useRegexInPattern": false,
				"sounds": [
					"suspect/We got a 10-.wav",
					"@randomtencodewithin",
					"@randomareaincityplayer"
				],
				"isPlayRadioOn": true
			}
		]
	}

]
}